<component name="libraryTable">
  <library name="junit-4.11">
    <CLASSES>
      <root url="jar://C:/junit-4.1.jar!/" />
    </CLASSES>
    <JAVADOC />
    <SOURCES />
    <jarDirectory url="jar://C:/junit-4.1.jar!/" recursive="false" />
  </library>
</component>